<?xml version="1.0" encoding="UTF-8"?>
<!-- Generated by org.testng.reporters.JUnitReportReporter -->
<testsuite hostname="DESKTOP-DK9M6J1" failures="0" tests="1" name="runner.TestRunner" time="29.186" errors="0" timestamp="2022-06-25T22:37:44 IST" skipped="0">
  <testcase classname="runner.TestRunner" name="runScenario" time="29.186"/>
  <system-out/>
</testsuite> <!-- runner.TestRunner -->
